<?xml version="1.0" encoding="utf-8"?>
<CoverageSession xmlns:xsd="http://www.w3.org/2001/XMLSchema" xmlns:xsi="http://www.w3.org/2001/XMLSchema-instance">
  <Summary numSequencePoints="103" visitedSequencePoints="103" numBranchPoints="35" visitedBranchPoints="35" sequenceCoverage="100" branchCoverage="100" maxCyclomaticComplexity="3" minCyclomaticComplexity="1" visitedClasses="1" numClasses="1" visitedMethods="11" numMethods="11" />
  <Modules>
    <Module hash="76-17-55-16-FE-AE-9A-F2-48-06-EB-06-38-29-39-A5-E1-A8-8C-22">
      <Summary numSequencePoints="103" visitedSequencePoints="103" numBranchPoints="35" visitedBranchPoints="35" sequenceCoverage="100" branchCoverage="100" maxCyclomaticComplexity="3" minCyclomaticComplexity="1" visitedClasses="1" numClasses="1" visitedMethods="11" numMethods="11" />
      <ModulePath>C:\PavanKumar\GitHub\CSharpInterview\CustomerOrdersAPI\ordermanagementapitests\bin\debug\OrderManagementAPI.dll</ModulePath>
      <ModuleTime>2017-09-24T12:19:44.2639203Z</ModuleTime>
      <ModuleName>OrderManagementAPI</ModuleName>
      <Files>
        <File uid="1" fullPath="C:\PavanKumar\GitHub\CSharpInterview\CustomerOrdersAPI\OrderManagementAPI\Custom\ManageOrders.cs" />
      </Files>
      <Classes>
        <Class>
          <Summary numSequencePoints="103" visitedSequencePoints="103" numBranchPoints="35" visitedBranchPoints="35" sequenceCoverage="100" branchCoverage="100" maxCyclomaticComplexity="3" minCyclomaticComplexity="1" visitedClasses="1" numClasses="1" visitedMethods="11" numMethods="11" />
          <FullName>OrderManagementAPI.Custom.ManageOrders</FullName>
          <Methods>
            <Method visited="true" cyclomaticComplexity="1" nPathComplexity="0" sequenceCoverage="100" branchCoverage="100" isConstructor="true" isStatic="false" isGetter="false" isSetter="false">
              <Summary numSequencePoints="4" visitedSequencePoints="4" numBranchPoints="1" visitedBranchPoints="1" sequenceCoverage="100" branchCoverage="100" maxCyclomaticComplexity="1" minCyclomaticComplexity="1" visitedClasses="0" numClasses="0" visitedMethods="1" numMethods="1" />
              <MetadataToken>100663433</MetadataToken>
              <Name>System.Void OrderManagementAPI.Custom.ManageOrders::.ctor()</Name>
              <FileRef uid="1" />
              <SequencePoints>
                <SequencePoint vc="1" uspid="1" ordinal="0" offset="0" sl="12" sc="9" el="12" ec="30" bec="0" bev="0" fileid="1" />
                <SequencePoint vc="1" uspid="2" ordinal="1" offset="7" sl="13" sc="9" el="13" ec="10" bec="0" bev="0" fileid="1" />
                <SequencePoint vc="1" uspid="3" ordinal="2" offset="8" sl="14" sc="13" el="25" ec="15" bec="0" bev="0" fileid="1" />
                <SequencePoint vc="1" uspid="4" ordinal="3" offset="161" sl="26" sc="9" el="26" ec="10" bec="0" bev="0" fileid="1" />
              </SequencePoints>
              <BranchPoints />
              <MethodPoint xsi:type="SequencePoint" vc="1" uspid="1" ordinal="0" offset="0" sl="12" sc="9" el="12" ec="30" bec="0" bev="0" fileid="1" />
            </Method>
            <Method visited="true" cyclomaticComplexity="1" nPathComplexity="0" sequenceCoverage="100" branchCoverage="100" isConstructor="true" isStatic="false" isGetter="false" isSetter="false">
              <Summary numSequencePoints="4" visitedSequencePoints="4" numBranchPoints="1" visitedBranchPoints="1" sequenceCoverage="100" branchCoverage="100" maxCyclomaticComplexity="1" minCyclomaticComplexity="1" visitedClasses="0" numClasses="0" visitedMethods="1" numMethods="1" />
              <MetadataToken>100663434</MetadataToken>
              <Name>System.Void OrderManagementAPI.Custom.ManageOrders::.ctor(System.Collections.Generic.List`1&lt;OrderManagementAPI.Models.OrderItems&gt;)</Name>
              <FileRef uid="1" />
              <SequencePoints>
                <SequencePoint vc="21" uspid="5" ordinal="0" offset="0" sl="28" sc="9" el="28" ec="59" bec="0" bev="0" fileid="1" />
                <SequencePoint vc="21" uspid="6" ordinal="1" offset="7" sl="29" sc="9" el="29" ec="10" bec="0" bev="0" fileid="1" />
                <SequencePoint vc="21" uspid="7" ordinal="2" offset="8" sl="30" sc="13" el="30" ec="46" bec="0" bev="0" fileid="1" />
                <SequencePoint vc="21" uspid="8" ordinal="3" offset="15" sl="31" sc="9" el="31" ec="10" bec="0" bev="0" fileid="1" />
              </SequencePoints>
              <BranchPoints />
              <MethodPoint xsi:type="SequencePoint" vc="21" uspid="5" ordinal="0" offset="0" sl="28" sc="9" el="28" ec="59" bec="0" bev="0" fileid="1" />
            </Method>
            <Method visited="true" cyclomaticComplexity="1" nPathComplexity="0" sequenceCoverage="100" branchCoverage="100" isConstructor="false" isStatic="false" isGetter="false" isSetter="false">
              <Summary numSequencePoints="3" visitedSequencePoints="3" numBranchPoints="1" visitedBranchPoints="1" sequenceCoverage="100" branchCoverage="100" maxCyclomaticComplexity="1" minCyclomaticComplexity="1" visitedClasses="0" numClasses="0" visitedMethods="1" numMethods="1" />
              <MetadataToken>100663435</MetadataToken>
              <Name>System.Collections.Generic.List`1&lt;OrderManagementAPI.Models.OrderItems&gt; OrderManagementAPI.Custom.ManageOrders::GetAllOrders()</Name>
              <FileRef uid="1" />
              <SequencePoints>
                <SequencePoint vc="2" uspid="9" ordinal="0" offset="0" sl="38" sc="9" el="38" ec="10" bec="0" bev="0" fileid="1" />
                <SequencePoint vc="2" uspid="10" ordinal="1" offset="1" sl="39" sc="13" el="39" ec="33" bec="0" bev="0" fileid="1" />
                <SequencePoint vc="2" uspid="11" ordinal="2" offset="10" sl="40" sc="9" el="40" ec="10" bec="0" bev="0" fileid="1" />
              </SequencePoints>
              <BranchPoints />
              <MethodPoint xsi:type="SequencePoint" vc="2" uspid="9" ordinal="0" offset="0" sl="38" sc="9" el="38" ec="10" bec="0" bev="0" fileid="1" />
            </Method>
            <Method visited="true" cyclomaticComplexity="1" nPathComplexity="0" sequenceCoverage="100" branchCoverage="100" isConstructor="false" isStatic="false" isGetter="false" isSetter="false">
              <Summary numSequencePoints="3" visitedSequencePoints="3" numBranchPoints="1" visitedBranchPoints="1" sequenceCoverage="100" branchCoverage="100" maxCyclomaticComplexity="1" minCyclomaticComplexity="1" visitedClasses="0" numClasses="0" visitedMethods="1" numMethods="1" />
              <MetadataToken>100663436</MetadataToken>
              <Name>OrderManagementAPI.Models.OrderItems OrderManagementAPI.Custom.ManageOrders::GetOrder(System.Int32)</Name>
              <FileRef uid="1" />
              <SequencePoints>
                <SequencePoint vc="1" uspid="12" ordinal="0" offset="13" sl="48" sc="9" el="48" ec="10" bec="0" bev="0" fileid="1" />
                <SequencePoint vc="1" uspid="13" ordinal="1" offset="14" sl="49" sc="13" el="49" ec="75" bec="0" bev="0" fileid="1" />
                <SequencePoint vc="1" uspid="14" ordinal="2" offset="40" sl="50" sc="9" el="50" ec="10" bec="0" bev="0" fileid="1" />
              </SequencePoints>
              <BranchPoints />
              <MethodPoint vc="1" uspid="15" ordinal="0" offset="0" />
            </Method>
            <Method visited="true" cyclomaticComplexity="3" nPathComplexity="4" sequenceCoverage="100" branchCoverage="100" isConstructor="false" isStatic="false" isGetter="false" isSetter="false">
              <Summary numSequencePoints="11" visitedSequencePoints="11" numBranchPoints="5" visitedBranchPoints="5" sequenceCoverage="100" branchCoverage="100" maxCyclomaticComplexity="3" minCyclomaticComplexity="3" visitedClasses="0" numClasses="0" visitedMethods="1" numMethods="1" />
              <MetadataToken>100663437</MetadataToken>
              <Name>OrderManagementAPI.Models.OrderItems OrderManagementAPI.Custom.ManageOrders::AddCustomerOrder(OrderManagementAPI.Models.OrderItems)</Name>
              <FileRef uid="1" />
              <SequencePoints>
                <SequencePoint vc="3" uspid="16" ordinal="0" offset="13" sl="58" sc="9" el="58" ec="10" bec="0" bev="0" fileid="1" />
                <SequencePoint vc="3" uspid="17" ordinal="1" offset="14" sl="60" sc="13" el="60" ec="39" bec="2" bev="2" fileid="1" />
                <SequencePoint vc="1" uspid="18" ordinal="2" offset="27" sl="61" sc="13" el="61" ec="14" bec="0" bev="0" fileid="1" />
                <SequencePoint vc="1" uspid="19" ordinal="3" offset="28" sl="62" sc="17" el="62" ec="67" bec="0" bev="0" fileid="1" />
                <SequencePoint vc="2" uspid="20" ordinal="4" offset="39" sl="64" sc="13" el="64" ec="95" bec="0" bev="0" fileid="1" />
                <SequencePoint vc="2" uspid="21" ordinal="5" offset="63" sl="65" sc="13" el="65" ec="31" bec="2" bev="2" fileid="1" />
                <SequencePoint vc="1" uspid="22" ordinal="6" offset="71" sl="66" sc="13" el="66" ec="14" bec="0" bev="0" fileid="1" />
                <SequencePoint vc="1" uspid="23" ordinal="7" offset="72" sl="67" sc="17" el="67" ec="69" bec="0" bev="0" fileid="1" />
                <SequencePoint vc="1" uspid="24" ordinal="8" offset="83" sl="69" sc="13" el="69" ec="45" bec="0" bev="0" fileid="1" />
                <SequencePoint vc="1" uspid="25" ordinal="9" offset="101" sl="70" sc="13" el="70" ec="34" bec="0" bev="0" fileid="1" />
                <SequencePoint vc="1" uspid="26" ordinal="10" offset="111" sl="71" sc="9" el="71" ec="10" bec="0" bev="0" fileid="1" />
              </SequencePoints>
              <BranchPoints>
                <BranchPoint vc="1" uspid="27" ordinal="0" offset="25" sl="60" path="0" offsetend="27" fileid="1" />
                <BranchPoint vc="2" uspid="28" ordinal="1" offset="25" sl="60" path="1" offsetend="39" fileid="1" />
                <BranchPoint vc="1" uspid="29" ordinal="2" offset="69" sl="65" path="0" offsetend="71" fileid="1" />
                <BranchPoint vc="1" uspid="30" ordinal="3" offset="69" sl="65" path="1" offsetend="83" fileid="1" />
              </BranchPoints>
              <MethodPoint vc="3" uspid="31" ordinal="0" offset="0" />
            </Method>
            <Method visited="true" cyclomaticComplexity="3" nPathComplexity="4" sequenceCoverage="100" branchCoverage="100" isConstructor="false" isStatic="false" isGetter="false" isSetter="false">
              <Summary numSequencePoints="14" visitedSequencePoints="14" numBranchPoints="5" visitedBranchPoints="5" sequenceCoverage="100" branchCoverage="100" maxCyclomaticComplexity="3" minCyclomaticComplexity="3" visitedClasses="0" numClasses="0" visitedMethods="1" numMethods="1" />
              <MetadataToken>100663438</MetadataToken>
              <Name>OrderManagementAPI.Models.OrderItems OrderManagementAPI.Custom.ManageOrders::UpdateCustomerOrder(OrderManagementAPI.Models.OrderItems)</Name>
              <FileRef uid="1" />
              <SequencePoints>
                <SequencePoint vc="3" uspid="32" ordinal="0" offset="13" sl="79" sc="9" el="79" ec="10" bec="0" bev="0" fileid="1" />
                <SequencePoint vc="3" uspid="33" ordinal="1" offset="14" sl="80" sc="13" el="80" ec="39" bec="2" bev="2" fileid="1" />
                <SequencePoint vc="1" uspid="34" ordinal="2" offset="27" sl="81" sc="13" el="81" ec="14" bec="0" bev="0" fileid="1" />
                <SequencePoint vc="1" uspid="35" ordinal="3" offset="28" sl="82" sc="17" el="82" ec="67" bec="0" bev="0" fileid="1" />
                <SequencePoint vc="2" uspid="36" ordinal="4" offset="39" sl="84" sc="13" el="84" ec="94" bec="0" bev="0" fileid="1" />
                <SequencePoint vc="2" uspid="37" ordinal="5" offset="63" sl="85" sc="13" el="85" ec="30" bec="2" bev="2" fileid="1" />
                <SequencePoint vc="1" uspid="38" ordinal="6" offset="71" sl="86" sc="13" el="86" ec="14" bec="0" bev="0" fileid="1" />
                <SequencePoint vc="1" uspid="39" ordinal="7" offset="72" sl="87" sc="17" el="87" ec="43" bec="0" bev="0" fileid="1" />
                <SequencePoint vc="1" uspid="40" ordinal="8" offset="85" sl="88" sc="13" el="88" ec="14" bec="0" bev="0" fileid="1" />
                <SequencePoint vc="1" uspid="41" ordinal="9" offset="88" sl="90" sc="13" el="90" ec="14" bec="0" bev="0" fileid="1" />
                <SequencePoint vc="1" uspid="42" ordinal="10" offset="89" sl="91" sc="17" el="91" ec="75" bec="0" bev="0" fileid="1" />
                <SequencePoint vc="1" uspid="43" ordinal="11" offset="100" sl="93" sc="13" el="93" ec="45" bec="0" bev="0" fileid="1" />
                <SequencePoint vc="1" uspid="44" ordinal="12" offset="118" sl="94" sc="13" el="94" ec="34" bec="0" bev="0" fileid="1" />
                <SequencePoint vc="1" uspid="45" ordinal="13" offset="128" sl="95" sc="9" el="95" ec="10" bec="0" bev="0" fileid="1" />
              </SequencePoints>
              <BranchPoints>
                <BranchPoint vc="1" uspid="46" ordinal="0" offset="25" sl="80" path="0" offsetend="27" fileid="1" />
                <BranchPoint vc="2" uspid="47" ordinal="1" offset="25" sl="80" path="1" offsetend="39" fileid="1" />
                <BranchPoint vc="1" uspid="48" ordinal="2" offset="69" sl="85" path="0" offsetend="71" fileid="1" />
                <BranchPoint vc="1" uspid="49" ordinal="3" offset="69" sl="85" path="1" offsetend="88" fileid="1" />
              </BranchPoints>
              <MethodPoint vc="3" uspid="50" ordinal="0" offset="0" />
            </Method>
            <Method visited="true" cyclomaticComplexity="2" nPathComplexity="2" sequenceCoverage="100" branchCoverage="100" isConstructor="false" isStatic="false" isGetter="false" isSetter="false">
              <Summary numSequencePoints="8" visitedSequencePoints="8" numBranchPoints="3" visitedBranchPoints="3" sequenceCoverage="100" branchCoverage="100" maxCyclomaticComplexity="2" minCyclomaticComplexity="2" visitedClasses="0" numClasses="0" visitedMethods="1" numMethods="1" />
              <MetadataToken>100663439</MetadataToken>
              <Name>OrderManagementAPI.Models.OrderItems OrderManagementAPI.Custom.ManageOrders::DeleteCustomerOrder(System.Int32)</Name>
              <FileRef uid="1" />
              <SequencePoints>
                <SequencePoint vc="2" uspid="51" ordinal="0" offset="13" sl="103" sc="9" el="103" ec="10" bec="0" bev="0" fileid="1" />
                <SequencePoint vc="2" uspid="52" ordinal="1" offset="14" sl="104" sc="13" el="104" ec="88" bec="0" bev="0" fileid="1" />
                <SequencePoint vc="2" uspid="53" ordinal="2" offset="38" sl="105" sc="13" el="105" ec="38" bec="2" bev="2" fileid="1" />
                <SequencePoint vc="1" uspid="54" ordinal="3" offset="46" sl="106" sc="13" el="106" ec="14" bec="0" bev="0" fileid="1" />
                <SequencePoint vc="1" uspid="55" ordinal="4" offset="47" sl="107" sc="17" el="107" ec="51" bec="0" bev="0" fileid="1" />
                <SequencePoint vc="1" uspid="56" ordinal="5" offset="60" sl="108" sc="13" el="108" ec="14" bec="0" bev="0" fileid="1" />
                <SequencePoint vc="2" uspid="57" ordinal="6" offset="61" sl="109" sc="13" el="109" ec="33" bec="0" bev="0" fileid="1" />
                <SequencePoint vc="2" uspid="58" ordinal="7" offset="65" sl="110" sc="9" el="110" ec="10" bec="0" bev="0" fileid="1" />
              </SequencePoints>
              <BranchPoints>
                <BranchPoint vc="1" uspid="59" ordinal="0" offset="44" sl="105" path="0" offsetend="46" fileid="1" />
                <BranchPoint vc="1" uspid="60" ordinal="1" offset="44" sl="105" path="1" offsetend="61" fileid="1" />
              </BranchPoints>
              <MethodPoint vc="2" uspid="61" ordinal="0" offset="0" />
            </Method>
            <Method visited="true" cyclomaticComplexity="3" nPathComplexity="4" sequenceCoverage="100" branchCoverage="100" isConstructor="false" isStatic="false" isGetter="false" isSetter="false">
              <Summary numSequencePoints="16" visitedSequencePoints="16" numBranchPoints="5" visitedBranchPoints="5" sequenceCoverage="100" branchCoverage="100" maxCyclomaticComplexity="3" minCyclomaticComplexity="3" visitedClasses="0" numClasses="0" visitedMethods="1" numMethods="1" />
              <MetadataToken>100663440</MetadataToken>
              <Name>OrderManagementAPI.Models.OrderItems OrderManagementAPI.Custom.ManageOrders::AddOrderItems(System.Int32,System.String,System.Int32)</Name>
              <FileRef uid="1" />
              <SequencePoints>
                <SequencePoint vc="3" uspid="62" ordinal="0" offset="20" sl="120" sc="9" el="120" ec="10" bec="0" bev="0" fileid="1" />
                <SequencePoint vc="3" uspid="63" ordinal="1" offset="21" sl="122" sc="13" el="122" ec="86" bec="0" bev="0" fileid="1" />
                <SequencePoint vc="3" uspid="64" ordinal="2" offset="45" sl="124" sc="13" el="124" ec="36" bec="2" bev="2" fileid="1" />
                <SequencePoint vc="2" uspid="65" ordinal="3" offset="53" sl="125" sc="13" el="125" ec="14" bec="0" bev="0" fileid="1" />
                <SequencePoint vc="2" uspid="66" ordinal="4" offset="54" sl="126" sc="17" el="126" ec="72" bec="0" bev="0" fileid="1" />
                <SequencePoint vc="2" uspid="67" ordinal="5" offset="61" sl="127" sc="17" el="127" ec="94" bec="0" bev="0" fileid="1" />
                <SequencePoint vc="2" uspid="68" ordinal="6" offset="81" sl="129" sc="17" el="129" ec="40" bec="2" bev="2" fileid="1" />
                <SequencePoint vc="1" uspid="69" ordinal="7" offset="92" sl="130" sc="21" el="130" ec="64" bec="0" bev="0" fileid="1" />
                <SequencePoint vc="1" uspid="70" ordinal="8" offset="103" sl="131" sc="17" el="131" ec="49" bec="0" bev="0" fileid="1" />
                <SequencePoint vc="1" uspid="71" ordinal="9" offset="110" sl="132" sc="17" el="132" ec="42" bec="0" bev="0" fileid="1" />
                <SequencePoint vc="1" uspid="72" ordinal="10" offset="124" sl="133" sc="17" el="133" ec="46" bec="0" bev="0" fileid="1" />
                <SequencePoint vc="1" uspid="73" ordinal="11" offset="133" sl="134" sc="17" el="134" ec="42" bec="0" bev="0" fileid="1" />
                <SequencePoint vc="1" uspid="74" ordinal="12" offset="142" sl="135" sc="17" el="135" ec="60" bec="0" bev="0" fileid="1" />
                <SequencePoint vc="1" uspid="75" ordinal="13" offset="150" sl="136" sc="13" el="136" ec="14" bec="0" bev="0" fileid="1" />
                <SequencePoint vc="2" uspid="76" ordinal="14" offset="151" sl="137" sc="13" el="137" ec="31" bec="0" bev="0" fileid="1" />
                <SequencePoint vc="2" uspid="77" ordinal="15" offset="156" sl="138" sc="9" el="138" ec="10" bec="0" bev="0" fileid="1" />
              </SequencePoints>
              <BranchPoints>
                <BranchPoint vc="2" uspid="78" ordinal="0" offset="51" sl="124" path="0" offsetend="53" fileid="1" />
                <BranchPoint vc="1" uspid="79" ordinal="1" offset="51" sl="124" path="1" offsetend="151" fileid="1" />
                <BranchPoint vc="1" uspid="80" ordinal="2" offset="90" sl="129" path="0" offsetend="92" fileid="1" />
                <BranchPoint vc="1" uspid="81" ordinal="3" offset="90" sl="129" path="1" offsetend="103" fileid="1" />
              </BranchPoints>
              <MethodPoint vc="3" uspid="82" ordinal="0" offset="0" />
            </Method>
            <Method visited="true" cyclomaticComplexity="3" nPathComplexity="4" sequenceCoverage="100" branchCoverage="100" isConstructor="false" isStatic="false" isGetter="false" isSetter="false">
              <Summary numSequencePoints="17" visitedSequencePoints="17" numBranchPoints="5" visitedBranchPoints="5" sequenceCoverage="100" branchCoverage="100" maxCyclomaticComplexity="3" minCyclomaticComplexity="3" visitedClasses="0" numClasses="0" visitedMethods="1" numMethods="1" />
              <MetadataToken>100663441</MetadataToken>
              <Name>OrderManagementAPI.Models.OrderItems OrderManagementAPI.Custom.ManageOrders::UpdateOrderItems(System.Int32,System.String,System.Int32)</Name>
              <FileRef uid="1" />
              <SequencePoints>
                <SequencePoint vc="3" uspid="83" ordinal="0" offset="20" sl="148" sc="9" el="148" ec="10" bec="0" bev="0" fileid="1" />
                <SequencePoint vc="3" uspid="84" ordinal="1" offset="21" sl="149" sc="13" el="149" ec="86" bec="0" bev="0" fileid="1" />
                <SequencePoint vc="3" uspid="85" ordinal="2" offset="45" sl="151" sc="13" el="151" ec="36" bec="2" bev="2" fileid="1" />
                <SequencePoint vc="2" uspid="86" ordinal="3" offset="53" sl="152" sc="13" el="152" ec="14" bec="0" bev="0" fileid="1" />
                <SequencePoint vc="2" uspid="87" ordinal="4" offset="54" sl="153" sc="17" el="153" ec="72" bec="0" bev="0" fileid="1" />
                <SequencePoint vc="2" uspid="88" ordinal="5" offset="61" sl="154" sc="17" el="154" ec="94" bec="0" bev="0" fileid="1" />
                <SequencePoint vc="2" uspid="89" ordinal="6" offset="81" sl="156" sc="17" el="156" ec="40" bec="2" bev="2" fileid="1" />
                <SequencePoint vc="1" uspid="90" ordinal="7" offset="92" sl="157" sc="21" el="157" ec="55" bec="0" bev="0" fileid="1" />
                <SequencePoint vc="1" uspid="91" ordinal="8" offset="103" sl="159" sc="22" el="159" ec="73" bec="0" bev="0" fileid="1" />
                <SequencePoint vc="1" uspid="92" ordinal="9" offset="114" sl="160" sc="17" el="160" ec="49" bec="0" bev="0" fileid="1" />
                <SequencePoint vc="1" uspid="93" ordinal="10" offset="121" sl="161" sc="17" el="161" ec="42" bec="0" bev="0" fileid="1" />
                <SequencePoint vc="1" uspid="94" ordinal="11" offset="135" sl="162" sc="17" el="162" ec="46" bec="0" bev="0" fileid="1" />
                <SequencePoint vc="1" uspid="95" ordinal="12" offset="144" sl="163" sc="17" el="163" ec="42" bec="0" bev="0" fileid="1" />
                <SequencePoint vc="1" uspid="96" ordinal="13" offset="153" sl="164" sc="17" el="164" ec="60" bec="0" bev="0" fileid="1" />
                <SequencePoint vc="1" uspid="97" ordinal="14" offset="161" sl="165" sc="13" el="165" ec="14" bec="0" bev="0" fileid="1" />
                <SequencePoint vc="2" uspid="98" ordinal="15" offset="162" sl="166" sc="13" el="166" ec="31" bec="0" bev="0" fileid="1" />
                <SequencePoint vc="2" uspid="99" ordinal="16" offset="167" sl="167" sc="9" el="167" ec="10" bec="0" bev="0" fileid="1" />
              </SequencePoints>
              <BranchPoints>
                <BranchPoint vc="2" uspid="100" ordinal="0" offset="51" sl="151" path="0" offsetend="53" fileid="1" />
                <BranchPoint vc="1" uspid="101" ordinal="1" offset="51" sl="151" path="1" offsetend="162" fileid="1" />
                <BranchPoint vc="1" uspid="102" ordinal="2" offset="90" sl="156" path="0" offsetend="92" fileid="1" />
                <BranchPoint vc="1" uspid="103" ordinal="3" offset="90" sl="156" path="1" offsetend="103" fileid="1" />
              </BranchPoints>
              <MethodPoint vc="3" uspid="104" ordinal="0" offset="0" />
            </Method>
            <Method visited="true" cyclomaticComplexity="3" nPathComplexity="4" sequenceCoverage="100" branchCoverage="100" isConstructor="false" isStatic="false" isGetter="false" isSetter="false">
              <Summary numSequencePoints="13" visitedSequencePoints="13" numBranchPoints="5" visitedBranchPoints="5" sequenceCoverage="100" branchCoverage="100" maxCyclomaticComplexity="3" minCyclomaticComplexity="3" visitedClasses="0" numClasses="0" visitedMethods="1" numMethods="1" />
              <MetadataToken>100663442</MetadataToken>
              <Name>OrderManagementAPI.Models.OrderItems OrderManagementAPI.Custom.ManageOrders::RemoveOrderItems(System.Int32,System.String)</Name>
              <FileRef uid="1" />
              <SequencePoints>
                <SequencePoint vc="3" uspid="105" ordinal="0" offset="20" sl="176" sc="9" el="176" ec="10" bec="0" bev="0" fileid="1" />
                <SequencePoint vc="3" uspid="106" ordinal="1" offset="21" sl="178" sc="13" el="178" ec="86" bec="0" bev="0" fileid="1" />
                <SequencePoint vc="3" uspid="107" ordinal="2" offset="45" sl="180" sc="13" el="180" ec="36" bec="2" bev="2" fileid="1" />
                <SequencePoint vc="2" uspid="108" ordinal="3" offset="53" sl="181" sc="13" el="181" ec="14" bec="0" bev="0" fileid="1" />
                <SequencePoint vc="2" uspid="109" ordinal="4" offset="54" sl="182" sc="17" el="182" ec="72" bec="0" bev="0" fileid="1" />
                <SequencePoint vc="2" uspid="110" ordinal="5" offset="61" sl="183" sc="17" el="183" ec="94" bec="0" bev="0" fileid="1" />
                <SequencePoint vc="2" uspid="111" ordinal="6" offset="81" sl="185" sc="17" el="185" ec="40" bec="2" bev="2" fileid="1" />
                <SequencePoint vc="1" uspid="112" ordinal="7" offset="92" sl="186" sc="21" el="186" ec="55" bec="0" bev="0" fileid="1" />
                <SequencePoint vc="1" uspid="113" ordinal="8" offset="103" sl="188" sc="21" el="188" ec="72" bec="0" bev="0" fileid="1" />
                <SequencePoint vc="1" uspid="114" ordinal="9" offset="114" sl="190" sc="17" el="190" ec="60" bec="0" bev="0" fileid="1" />
                <SequencePoint vc="1" uspid="115" ordinal="10" offset="122" sl="191" sc="13" el="191" ec="14" bec="0" bev="0" fileid="1" />
                <SequencePoint vc="2" uspid="116" ordinal="11" offset="123" sl="192" sc="13" el="192" ec="31" bec="0" bev="0" fileid="1" />
                <SequencePoint vc="2" uspid="117" ordinal="12" offset="128" sl="193" sc="9" el="193" ec="10" bec="0" bev="0" fileid="1" />
              </SequencePoints>
              <BranchPoints>
                <BranchPoint vc="2" uspid="118" ordinal="0" offset="51" sl="180" path="0" offsetend="53" fileid="1" />
                <BranchPoint vc="1" uspid="119" ordinal="1" offset="51" sl="180" path="1" offsetend="123" fileid="1" />
                <BranchPoint vc="1" uspid="120" ordinal="2" offset="90" sl="185" path="0" offsetend="92" fileid="1" />
                <BranchPoint vc="1" uspid="121" ordinal="3" offset="90" sl="185" path="1" offsetend="103" fileid="1" />
              </BranchPoints>
              <MethodPoint vc="3" uspid="122" ordinal="0" offset="0" />
            </Method>
            <Method visited="true" cyclomaticComplexity="2" nPathComplexity="2" sequenceCoverage="100" branchCoverage="100" isConstructor="false" isStatic="false" isGetter="false" isSetter="false">
              <Summary numSequencePoints="10" visitedSequencePoints="10" numBranchPoints="3" visitedBranchPoints="3" sequenceCoverage="100" branchCoverage="100" maxCyclomaticComplexity="2" minCyclomaticComplexity="2" visitedClasses="0" numClasses="0" visitedMethods="1" numMethods="1" />
              <MetadataToken>100663443</MetadataToken>
              <Name>OrderManagementAPI.Models.OrderItems OrderManagementAPI.Custom.ManageOrders::ClearOrderItemsList(System.Int32)</Name>
              <FileRef uid="1" />
              <SequencePoints>
                <SequencePoint vc="2" uspid="123" ordinal="0" offset="13" sl="201" sc="9" el="201" ec="10" bec="0" bev="0" fileid="1" />
                <SequencePoint vc="2" uspid="124" ordinal="1" offset="14" sl="202" sc="13" el="202" ec="86" bec="0" bev="0" fileid="1" />
                <SequencePoint vc="2" uspid="125" ordinal="2" offset="38" sl="204" sc="13" el="204" ec="36" bec="2" bev="2" fileid="1" />
                <SequencePoint vc="1" uspid="126" ordinal="3" offset="46" sl="205" sc="13" el="205" ec="14" bec="0" bev="0" fileid="1" />
                <SequencePoint vc="1" uspid="127" ordinal="4" offset="47" sl="206" sc="17" el="206" ec="72" bec="0" bev="0" fileid="1" />
                <SequencePoint vc="1" uspid="128" ordinal="5" offset="54" sl="208" sc="17" el="208" ec="40" bec="0" bev="0" fileid="1" />
                <SequencePoint vc="1" uspid="129" ordinal="6" offset="61" sl="209" sc="17" el="209" ec="60" bec="0" bev="0" fileid="1" />
                <SequencePoint vc="1" uspid="130" ordinal="7" offset="69" sl="210" sc="13" el="210" ec="14" bec="0" bev="0" fileid="1" />
                <SequencePoint vc="2" uspid="131" ordinal="8" offset="70" sl="211" sc="13" el="211" ec="31" bec="0" bev="0" fileid="1" />
                <SequencePoint vc="2" uspid="132" ordinal="9" offset="75" sl="212" sc="9" el="212" ec="10" bec="0" bev="0" fileid="1" />
              </SequencePoints>
              <BranchPoints>
                <BranchPoint vc="1" uspid="133" ordinal="0" offset="44" sl="204" path="0" offsetend="46" fileid="1" />
                <BranchPoint vc="1" uspid="134" ordinal="1" offset="44" sl="204" path="1" offsetend="70" fileid="1" />
              </BranchPoints>
              <MethodPoint vc="2" uspid="135" ordinal="0" offset="0" />
            </Method>
          </Methods>
        </Class>
      </Classes>
    </Module>
  </Modules>
</CoverageSession>